20-Aug-2020 10:50:48.517 INFO [main] org.apache.catalina.startup.VersionLoggerListener.log Server version name:   Apache Tomcat/9.0.34
20-Aug-2020 10:50:48.519 INFO [main] org.apache.catalina.startup.VersionLoggerListener.log Server built:          Apr 3 2020 12:02:52 UTC
20-Aug-2020 10:50:48.519 INFO [main] org.apache.catalina.startup.VersionLoggerListener.log Server version number: 9.0.34.0
20-Aug-2020 10:50:48.520 INFO [main] org.apache.catalina.startup.VersionLoggerListener.log OS Name:               Windows 10
20-Aug-2020 10:50:48.520 INFO [main] org.apache.catalina.startup.VersionLoggerListener.log OS Version:            10.0
20-Aug-2020 10:50:48.520 INFO [main] org.apache.catalina.startup.VersionLoggerListener.log Architecture:          amd64
20-Aug-2020 10:50:48.520 INFO [main] org.apache.catalina.startup.VersionLoggerListener.log Java Home:             C:\Program Files\Java\jdk1.8.0_211\jre
20-Aug-2020 10:50:48.520 INFO [main] org.apache.catalina.startup.VersionLoggerListener.log JVM Version:           1.8.0_211-b12
20-Aug-2020 10:50:48.521 INFO [main] org.apache.catalina.startup.VersionLoggerListener.log JVM Vendor:            Oracle Corporation
20-Aug-2020 10:50:48.521 INFO [main] org.apache.catalina.startup.VersionLoggerListener.log CATALINA_BASE:         E:\Soft\apache-tomcat-9.0.34
20-Aug-2020 10:50:48.521 INFO [main] org.apache.catalina.startup.VersionLoggerListener.log CATALINA_HOME:         E:\Soft\apache-tomcat-9.0.34
20-Aug-2020 10:50:48.521 INFO [main] org.apache.catalina.startup.VersionLoggerListener.log Command line argument: -Djava.util.logging.config.file=E:\Soft\apache-tomcat-9.0.34\conf\logging.properties
20-Aug-2020 10:50:48.522 INFO [main] org.apache.catalina.startup.VersionLoggerListener.log Command line argument: -Djava.util.logging.manager=org.apache.juli.ClassLoaderLogManager
20-Aug-2020 10:50:48.522 INFO [main] org.apache.catalina.startup.VersionLoggerListener.log Command line argument: -Djdk.tls.ephemeralDHKeySize=2048
20-Aug-2020 10:50:48.522 INFO [main] org.apache.catalina.startup.VersionLoggerListener.log Command line argument: -Djava.protocol.handler.pkgs=org.apache.catalina.webresources
20-Aug-2020 10:50:48.522 INFO [main] org.apache.catalina.startup.VersionLoggerListener.log Command line argument: -Dignore.endorsed.dirs=
20-Aug-2020 10:50:48.522 INFO [main] org.apache.catalina.startup.VersionLoggerListener.log Command line argument: -Dcatalina.base=E:\Soft\apache-tomcat-9.0.34
20-Aug-2020 10:50:48.524 INFO [main] org.apache.catalina.startup.VersionLoggerListener.log Command line argument: -Dcatalina.home=E:\Soft\apache-tomcat-9.0.34
20-Aug-2020 10:50:48.524 INFO [main] org.apache.catalina.startup.VersionLoggerListener.log Command line argument: -Djava.io.tmpdir=E:\Soft\apache-tomcat-9.0.34\temp
20-Aug-2020 10:50:48.525 INFO [main] org.apache.catalina.core.AprLifecycleListener.lifecycleEvent The APR based Apache Tomcat Native library which allows optimal performance in production environments was not found on the java.library.path: [C:\Program Files\Java\jdk1.8.0_211\bin;C:\WINDOWS\Sun\Java\bin;C:\WINDOWS\system32;C:\WINDOWS;C:\WINDOWS\system32;C:\WINDOWS;C:\WINDOWS\System32\Wbem;C:\WINDOWS\System32\WindowsPowerShell\v1.0\;E:\Soft\apache-maven-3.5.4\bin;C:\Program Files\Git\cmd;C:\Program Files\Intel\WiFi\bin\;C:\Program Files\Common Files\Intel\WirelessCommon\;C:\Users\asusadmin\AppData\Local\Android\Sdk\platform-tools;C:\Users\asusadmin\AppData\Local\Android\Sdk\tools;C:\Users\asusadmin\AppData\Local\Android\Sdk\tools\bin;C:\Program Files\PuTTY\;C:\WINDOWS\System32\OpenSSH\;C:\Program Files (x86)\sbt\bin;C:\Program Files\TortoiseGit\bin;E:\Soft\flutter_windows_v1.12.13+hotfix.9-stable\flutter\bin;E:\Soft\curl-7.69.1_1-win64-mingw\curl-7.69.1-win64-mingw\bin;C:\Program Files\Java\jdk1.8.0_211\bin;C:\Users\asusadmin\AppData\Local\Programs\Python\Python38-32\Scripts\;C:\Users\asusadmin\AppData\Local\Programs\Python\Python38-32\;C:\Program Files\MySQL\MySQL Shell 8.0\bin\;C:\Users\asusadmin\AppData\Local\Microsoft\WindowsApps;;C:\Program Files\Docker Toolbox;.]
20-Aug-2020 10:50:48.760 INFO [main] org.apache.coyote.AbstractProtocol.init Initializing ProtocolHandler ["http-nio-8080"]
20-Aug-2020 10:50:49.030 INFO [main] org.apache.catalina.startup.Catalina.load Server initialization in [734] milliseconds
20-Aug-2020 10:50:49.067 INFO [main] org.apache.catalina.core.StandardService.startInternal Starting service [Catalina]
20-Aug-2020 10:50:49.067 INFO [main] org.apache.catalina.core.StandardEngine.startInternal Starting Servlet engine: [Apache Tomcat/9.0.34]
20-Aug-2020 10:50:49.075 INFO [main] org.apache.catalina.startup.HostConfig.deployDirectory Deploying web application directory [E:\Soft\apache-tomcat-9.0.34\webapps\docs]
20-Aug-2020 10:50:49.230 WARNING [main] org.apache.tomcat.dbcp.dbcp2.BasicDataSourceFactory.getObjectInstance Name = myDS Property maxActive is not used in DBCP2, use maxTotal instead. maxTotal default value is 8. You have set value of "100" for "maxActive" property, which is being ignored.
20-Aug-2020 10:50:49.230 WARNING [main] org.apache.tomcat.dbcp.dbcp2.BasicDataSourceFactory.getObjectInstance Name = myDS Property maxWait is not used in DBCP2 , use maxWaitMillis instead. maxWaitMillis default value is -1. You have set value of "10000" for "maxWait" property, which is being ignored.
20-Aug-2020 10:50:49.398 INFO [main] org.apache.catalina.startup.HostConfig.deployDirectory Deployment of web application directory [E:\Soft\apache-tomcat-9.0.34\webapps\docs] has finished in [323] ms
20-Aug-2020 10:50:49.399 INFO [main] org.apache.catalina.startup.HostConfig.deployDirectory Deploying web application directory [E:\Soft\apache-tomcat-9.0.34\webapps\examples]
20-Aug-2020 10:50:49.738 WARNING [main] org.apache.tomcat.dbcp.dbcp2.BasicDataSourceFactory.getObjectInstance Name = myDS Property maxActive is not used in DBCP2, use maxTotal instead. maxTotal default value is 8. You have set value of "100" for "maxActive" property, which is being ignored.
20-Aug-2020 10:50:49.739 WARNING [main] org.apache.tomcat.dbcp.dbcp2.BasicDataSourceFactory.getObjectInstance Name = myDS Property maxWait is not used in DBCP2 , use maxWaitMillis instead. maxWaitMillis default value is -1. You have set value of "10000" for "maxWait" property, which is being ignored.
20-Aug-2020 10:50:49.894 INFO [main] org.apache.catalina.startup.HostConfig.deployDirectory Deployment of web application directory [E:\Soft\apache-tomcat-9.0.34\webapps\examples] has finished in [494] ms
20-Aug-2020 10:50:49.894 INFO [main] org.apache.catalina.startup.HostConfig.deployDirectory Deploying web application directory [E:\Soft\apache-tomcat-9.0.34\webapps\host-manager]
20-Aug-2020 10:50:49.948 WARNING [main] org.apache.tomcat.dbcp.dbcp2.BasicDataSourceFactory.getObjectInstance Name = myDS Property maxActive is not used in DBCP2, use maxTotal instead. maxTotal default value is 8. You have set value of "100" for "maxActive" property, which is being ignored.
20-Aug-2020 10:50:49.948 WARNING [main] org.apache.tomcat.dbcp.dbcp2.BasicDataSourceFactory.getObjectInstance Name = myDS Property maxWait is not used in DBCP2 , use maxWaitMillis instead. maxWaitMillis default value is -1. You have set value of "10000" for "maxWait" property, which is being ignored.
20-Aug-2020 10:50:49.954 INFO [main] org.apache.catalina.startup.HostConfig.deployDirectory Deployment of web application directory [E:\Soft\apache-tomcat-9.0.34\webapps\host-manager] has finished in [60] ms
20-Aug-2020 10:50:49.955 INFO [main] org.apache.catalina.startup.HostConfig.deployDirectory Deploying web application directory [E:\Soft\apache-tomcat-9.0.34\webapps\manager]
20-Aug-2020 10:50:49.990 WARNING [main] org.apache.tomcat.dbcp.dbcp2.BasicDataSourceFactory.getObjectInstance Name = myDS Property maxActive is not used in DBCP2, use maxTotal instead. maxTotal default value is 8. You have set value of "100" for "maxActive" property, which is being ignored.
20-Aug-2020 10:50:49.990 WARNING [main] org.apache.tomcat.dbcp.dbcp2.BasicDataSourceFactory.getObjectInstance Name = myDS Property maxWait is not used in DBCP2 , use maxWaitMillis instead. maxWaitMillis default value is -1. You have set value of "10000" for "maxWait" property, which is being ignored.
20-Aug-2020 10:50:49.996 INFO [main] org.apache.catalina.startup.HostConfig.deployDirectory Deployment of web application directory [E:\Soft\apache-tomcat-9.0.34\webapps\manager] has finished in [40] ms
20-Aug-2020 10:50:49.996 INFO [main] org.apache.catalina.startup.HostConfig.deployDirectory Deploying web application directory [E:\Soft\apache-tomcat-9.0.34\webapps\ROOT]
20-Aug-2020 10:50:50.018 WARNING [main] org.apache.tomcat.dbcp.dbcp2.BasicDataSourceFactory.getObjectInstance Name = myDS Property maxActive is not used in DBCP2, use maxTotal instead. maxTotal default value is 8. You have set value of "100" for "maxActive" property, which is being ignored.
20-Aug-2020 10:50:50.018 WARNING [main] org.apache.tomcat.dbcp.dbcp2.BasicDataSourceFactory.getObjectInstance Name = myDS Property maxWait is not used in DBCP2 , use maxWaitMillis instead. maxWaitMillis default value is -1. You have set value of "10000" for "maxWait" property, which is being ignored.
20-Aug-2020 10:50:50.023 INFO [main] org.apache.catalina.startup.HostConfig.deployDirectory Deployment of web application directory [E:\Soft\apache-tomcat-9.0.34\webapps\ROOT] has finished in [27] ms
20-Aug-2020 10:50:50.027 INFO [main] org.apache.coyote.AbstractProtocol.start Starting ProtocolHandler ["http-nio-8080"]
20-Aug-2020 10:50:50.033 INFO [main] org.apache.catalina.startup.Catalina.start Server startup in [1,002] milliseconds
