05-Oct-2020 07:12:07.239 INFO [main] org.apache.catalina.startup.VersionLoggerListener.log Server version name:   Apache Tomcat/9.0.34
05-Oct-2020 07:12:07.241 INFO [main] org.apache.catalina.startup.VersionLoggerListener.log Server built:          Apr 3 2020 12:02:52 UTC
05-Oct-2020 07:12:07.242 INFO [main] org.apache.catalina.startup.VersionLoggerListener.log Server version number: 9.0.34.0
05-Oct-2020 07:12:07.243 INFO [main] org.apache.catalina.startup.VersionLoggerListener.log OS Name:               Windows 10
05-Oct-2020 07:12:07.243 INFO [main] org.apache.catalina.startup.VersionLoggerListener.log OS Version:            10.0
05-Oct-2020 07:12:07.243 INFO [main] org.apache.catalina.startup.VersionLoggerListener.log Architecture:          amd64
05-Oct-2020 07:12:07.243 INFO [main] org.apache.catalina.startup.VersionLoggerListener.log Java Home:             C:\Program Files\Java\jdk1.8.0_211\jre
05-Oct-2020 07:12:07.243 INFO [main] org.apache.catalina.startup.VersionLoggerListener.log JVM Version:           1.8.0_211-b12
05-Oct-2020 07:12:07.243 INFO [main] org.apache.catalina.startup.VersionLoggerListener.log JVM Vendor:            Oracle Corporation
05-Oct-2020 07:12:07.244 INFO [main] org.apache.catalina.startup.VersionLoggerListener.log CATALINA_BASE:         E:\Soft\apache-tomcat-9.0.34
05-Oct-2020 07:12:07.244 INFO [main] org.apache.catalina.startup.VersionLoggerListener.log CATALINA_HOME:         E:\Soft\apache-tomcat-9.0.34
05-Oct-2020 07:12:07.266 INFO [main] org.apache.catalina.startup.VersionLoggerListener.log Command line argument: -Djava.util.logging.config.file=E:\Soft\apache-tomcat-9.0.34\conf\logging.properties
05-Oct-2020 07:12:07.266 INFO [main] org.apache.catalina.startup.VersionLoggerListener.log Command line argument: -Djava.util.logging.manager=org.apache.juli.ClassLoaderLogManager
05-Oct-2020 07:12:07.267 INFO [main] org.apache.catalina.startup.VersionLoggerListener.log Command line argument: -Djdk.tls.ephemeralDHKeySize=2048
05-Oct-2020 07:12:07.267 INFO [main] org.apache.catalina.startup.VersionLoggerListener.log Command line argument: -Djava.protocol.handler.pkgs=org.apache.catalina.webresources
05-Oct-2020 07:12:07.267 INFO [main] org.apache.catalina.startup.VersionLoggerListener.log Command line argument: -Dignore.endorsed.dirs=
05-Oct-2020 07:12:07.268 INFO [main] org.apache.catalina.startup.VersionLoggerListener.log Command line argument: -Dcatalina.base=E:\Soft\apache-tomcat-9.0.34
05-Oct-2020 07:12:07.268 INFO [main] org.apache.catalina.startup.VersionLoggerListener.log Command line argument: -Dcatalina.home=E:\Soft\apache-tomcat-9.0.34
05-Oct-2020 07:12:07.269 INFO [main] org.apache.catalina.startup.VersionLoggerListener.log Command line argument: -Djava.io.tmpdir=E:\Soft\apache-tomcat-9.0.34\temp
05-Oct-2020 07:12:07.270 INFO [main] org.apache.catalina.core.AprLifecycleListener.lifecycleEvent The APR based Apache Tomcat Native library which allows optimal performance in production environments was not found on the java.library.path: [C:\Program Files\Java\jdk1.8.0_211\bin;C:\WINDOWS\Sun\Java\bin;C:\WINDOWS\system32;C:\WINDOWS;C:\WINDOWS\system32;C:\WINDOWS;C:\WINDOWS\System32\Wbem;C:\WINDOWS\System32\WindowsPowerShell\v1.0\;E:\Soft\apache-maven-3.5.4\bin;C:\Program Files\Git\cmd;C:\Program Files\Intel\WiFi\bin\;C:\Program Files\Common Files\Intel\WirelessCommon\;C:\Users\asusadmin\AppData\Local\Android\Sdk\platform-tools;C:\Users\asusadmin\AppData\Local\Android\Sdk\tools;C:\Users\asusadmin\AppData\Local\Android\Sdk\tools\bin;C:\Program Files\PuTTY\;C:\WINDOWS\System32\OpenSSH\;C:\Program Files (x86)\sbt\bin;C:\Program Files\TortoiseGit\bin;E:\Soft\flutter_windows_v1.12.13+hotfix.9-stable\flutter\bin;E:\Soft\curl-7.69.1_1-win64-mingw\curl-7.69.1-win64-mingw\bin;C:\Program Files\Java\jdk1.8.0_211\bin;C:\Users\asusadmin\AppData\Local\Programs\Python\Python38-32\Scripts\;C:\Users\asusadmin\AppData\Local\Programs\Python\Python38-32\;C:\Program Files\MySQL\MySQL Shell 8.0\bin\;C:\Users\asusadmin\AppData\Local\Microsoft\WindowsApps;;C:\Program Files\Docker Toolbox;.]
05-Oct-2020 07:12:08.079 INFO [main] org.apache.coyote.AbstractProtocol.init Initializing ProtocolHandler ["http-nio-8080"]
05-Oct-2020 07:12:08.304 INFO [main] org.apache.catalina.startup.Catalina.load Server initialization in [1,656] milliseconds
05-Oct-2020 07:12:08.420 INFO [main] org.apache.catalina.core.StandardService.startInternal Starting service [Catalina]
05-Oct-2020 07:12:08.421 INFO [main] org.apache.catalina.core.StandardEngine.startInternal Starting Servlet engine: [Apache Tomcat/9.0.34]
05-Oct-2020 07:12:08.437 INFO [main] org.apache.catalina.startup.HostConfig.deployDirectory Deploying web application directory [E:\Soft\apache-tomcat-9.0.34\webapps\docs]
05-Oct-2020 07:12:08.666 WARNING [main] org.apache.tomcat.dbcp.dbcp2.BasicDataSourceFactory.getObjectInstance Name = myDS Property maxActive is not used in DBCP2, use maxTotal instead. maxTotal default value is 8. You have set value of "100" for "maxActive" property, which is being ignored.
05-Oct-2020 07:12:08.666 WARNING [main] org.apache.tomcat.dbcp.dbcp2.BasicDataSourceFactory.getObjectInstance Name = myDS Property maxWait is not used in DBCP2 , use maxWaitMillis instead. maxWaitMillis default value is -1. You have set value of "10000" for "maxWait" property, which is being ignored.
05-Oct-2020 07:12:08.746 INFO [main] org.apache.catalina.startup.HostConfig.deployDirectory Deployment of web application directory [E:\Soft\apache-tomcat-9.0.34\webapps\docs] has finished in [309] ms
05-Oct-2020 07:12:08.746 INFO [main] org.apache.catalina.startup.HostConfig.deployDirectory Deploying web application directory [E:\Soft\apache-tomcat-9.0.34\webapps\examples]
05-Oct-2020 07:12:09.386 WARNING [main] org.apache.tomcat.dbcp.dbcp2.BasicDataSourceFactory.getObjectInstance Name = myDS Property maxActive is not used in DBCP2, use maxTotal instead. maxTotal default value is 8. You have set value of "100" for "maxActive" property, which is being ignored.
05-Oct-2020 07:12:09.386 WARNING [main] org.apache.tomcat.dbcp.dbcp2.BasicDataSourceFactory.getObjectInstance Name = myDS Property maxWait is not used in DBCP2 , use maxWaitMillis instead. maxWaitMillis default value is -1. You have set value of "10000" for "maxWait" property, which is being ignored.
05-Oct-2020 07:12:09.488 INFO [main] org.apache.catalina.startup.HostConfig.deployDirectory Deployment of web application directory [E:\Soft\apache-tomcat-9.0.34\webapps\examples] has finished in [742] ms
05-Oct-2020 07:12:09.489 INFO [main] org.apache.catalina.startup.HostConfig.deployDirectory Deploying web application directory [E:\Soft\apache-tomcat-9.0.34\webapps\host-manager]
05-Oct-2020 07:12:09.528 WARNING [main] org.apache.tomcat.dbcp.dbcp2.BasicDataSourceFactory.getObjectInstance Name = myDS Property maxActive is not used in DBCP2, use maxTotal instead. maxTotal default value is 8. You have set value of "100" for "maxActive" property, which is being ignored.
05-Oct-2020 07:12:09.528 WARNING [main] org.apache.tomcat.dbcp.dbcp2.BasicDataSourceFactory.getObjectInstance Name = myDS Property maxWait is not used in DBCP2 , use maxWaitMillis instead. maxWaitMillis default value is -1. You have set value of "10000" for "maxWait" property, which is being ignored.
05-Oct-2020 07:12:09.536 INFO [main] org.apache.catalina.startup.HostConfig.deployDirectory Deployment of web application directory [E:\Soft\apache-tomcat-9.0.34\webapps\host-manager] has finished in [47] ms
05-Oct-2020 07:12:09.537 INFO [main] org.apache.catalina.startup.HostConfig.deployDirectory Deploying web application directory [E:\Soft\apache-tomcat-9.0.34\webapps\manager]
05-Oct-2020 07:12:09.573 WARNING [main] org.apache.tomcat.dbcp.dbcp2.BasicDataSourceFactory.getObjectInstance Name = myDS Property maxActive is not used in DBCP2, use maxTotal instead. maxTotal default value is 8. You have set value of "100" for "maxActive" property, which is being ignored.
05-Oct-2020 07:12:09.574 WARNING [main] org.apache.tomcat.dbcp.dbcp2.BasicDataSourceFactory.getObjectInstance Name = myDS Property maxWait is not used in DBCP2 , use maxWaitMillis instead. maxWaitMillis default value is -1. You have set value of "10000" for "maxWait" property, which is being ignored.
05-Oct-2020 07:12:09.579 INFO [main] org.apache.catalina.startup.HostConfig.deployDirectory Deployment of web application directory [E:\Soft\apache-tomcat-9.0.34\webapps\manager] has finished in [42] ms
05-Oct-2020 07:12:09.580 INFO [main] org.apache.catalina.startup.HostConfig.deployDirectory Deploying web application directory [E:\Soft\apache-tomcat-9.0.34\webapps\ROOT]
05-Oct-2020 07:12:09.595 WARNING [main] org.apache.tomcat.dbcp.dbcp2.BasicDataSourceFactory.getObjectInstance Name = myDS Property maxActive is not used in DBCP2, use maxTotal instead. maxTotal default value is 8. You have set value of "100" for "maxActive" property, which is being ignored.
05-Oct-2020 07:12:09.596 WARNING [main] org.apache.tomcat.dbcp.dbcp2.BasicDataSourceFactory.getObjectInstance Name = myDS Property maxWait is not used in DBCP2 , use maxWaitMillis instead. maxWaitMillis default value is -1. You have set value of "10000" for "maxWait" property, which is being ignored.
05-Oct-2020 07:12:09.601 INFO [main] org.apache.catalina.startup.HostConfig.deployDirectory Deployment of web application directory [E:\Soft\apache-tomcat-9.0.34\webapps\ROOT] has finished in [21] ms
05-Oct-2020 07:12:09.606 INFO [main] org.apache.coyote.AbstractProtocol.start Starting ProtocolHandler ["http-nio-8080"]
05-Oct-2020 07:12:09.613 INFO [main] org.apache.catalina.startup.Catalina.start Server startup in [1,308] milliseconds
05-Oct-2020 07:22:49.864 INFO [main] org.apache.catalina.startup.VersionLoggerListener.log Server version name:   Apache Tomcat/9.0.34
05-Oct-2020 07:22:49.866 INFO [main] org.apache.catalina.startup.VersionLoggerListener.log Server built:          Apr 3 2020 12:02:52 UTC
05-Oct-2020 07:22:49.866 INFO [main] org.apache.catalina.startup.VersionLoggerListener.log Server version number: 9.0.34.0
05-Oct-2020 07:22:49.866 INFO [main] org.apache.catalina.startup.VersionLoggerListener.log OS Name:               Windows 10
05-Oct-2020 07:22:49.866 INFO [main] org.apache.catalina.startup.VersionLoggerListener.log OS Version:            10.0
05-Oct-2020 07:22:49.866 INFO [main] org.apache.catalina.startup.VersionLoggerListener.log Architecture:          amd64
05-Oct-2020 07:22:49.867 INFO [main] org.apache.catalina.startup.VersionLoggerListener.log Java Home:             C:\Program Files\Java\jdk1.8.0_211\jre
05-Oct-2020 07:22:49.867 INFO [main] org.apache.catalina.startup.VersionLoggerListener.log JVM Version:           1.8.0_211-b12
05-Oct-2020 07:22:49.867 INFO [main] org.apache.catalina.startup.VersionLoggerListener.log JVM Vendor:            Oracle Corporation
05-Oct-2020 07:22:49.867 INFO [main] org.apache.catalina.startup.VersionLoggerListener.log CATALINA_BASE:         E:\Soft\apache-tomcat-9.0.34
05-Oct-2020 07:22:49.867 INFO [main] org.apache.catalina.startup.VersionLoggerListener.log CATALINA_HOME:         E:\Soft\apache-tomcat-9.0.34
05-Oct-2020 07:22:49.868 INFO [main] org.apache.catalina.startup.VersionLoggerListener.log Command line argument: -Djava.util.logging.config.file=E:\Soft\apache-tomcat-9.0.34\conf\logging.properties
05-Oct-2020 07:22:49.868 INFO [main] org.apache.catalina.startup.VersionLoggerListener.log Command line argument: -Djava.util.logging.manager=org.apache.juli.ClassLoaderLogManager
05-Oct-2020 07:22:49.868 INFO [main] org.apache.catalina.startup.VersionLoggerListener.log Command line argument: -Djdk.tls.ephemeralDHKeySize=2048
05-Oct-2020 07:22:49.868 INFO [main] org.apache.catalina.startup.VersionLoggerListener.log Command line argument: -Djava.protocol.handler.pkgs=org.apache.catalina.webresources
05-Oct-2020 07:22:49.868 INFO [main] org.apache.catalina.startup.VersionLoggerListener.log Command line argument: -Dignore.endorsed.dirs=
05-Oct-2020 07:22:49.869 INFO [main] org.apache.catalina.startup.VersionLoggerListener.log Command line argument: -Dcatalina.base=E:\Soft\apache-tomcat-9.0.34
05-Oct-2020 07:22:49.872 INFO [main] org.apache.catalina.startup.VersionLoggerListener.log Command line argument: -Dcatalina.home=E:\Soft\apache-tomcat-9.0.34
05-Oct-2020 07:22:49.872 INFO [main] org.apache.catalina.startup.VersionLoggerListener.log Command line argument: -Djava.io.tmpdir=E:\Soft\apache-tomcat-9.0.34\temp
05-Oct-2020 07:22:49.872 INFO [main] org.apache.catalina.core.AprLifecycleListener.lifecycleEvent The APR based Apache Tomcat Native library which allows optimal performance in production environments was not found on the java.library.path: [C:\Program Files\Java\jdk1.8.0_211\bin;C:\WINDOWS\Sun\Java\bin;C:\WINDOWS\system32;C:\WINDOWS;C:\WINDOWS\system32;C:\WINDOWS;C:\WINDOWS\System32\Wbem;C:\WINDOWS\System32\WindowsPowerShell\v1.0\;E:\Soft\apache-maven-3.5.4\bin;C:\Program Files\Git\cmd;C:\Program Files\Intel\WiFi\bin\;C:\Program Files\Common Files\Intel\WirelessCommon\;C:\Users\asusadmin\AppData\Local\Android\Sdk\platform-tools;C:\Users\asusadmin\AppData\Local\Android\Sdk\tools;C:\Users\asusadmin\AppData\Local\Android\Sdk\tools\bin;C:\Program Files\PuTTY\;C:\WINDOWS\System32\OpenSSH\;C:\Program Files (x86)\sbt\bin;C:\Program Files\TortoiseGit\bin;E:\Soft\flutter_windows_v1.12.13+hotfix.9-stable\flutter\bin;E:\Soft\curl-7.69.1_1-win64-mingw\curl-7.69.1-win64-mingw\bin;C:\Program Files\Java\jdk1.8.0_211\bin;C:\Users\asusadmin\AppData\Local\Programs\Python\Python38-32\Scripts\;C:\Users\asusadmin\AppData\Local\Programs\Python\Python38-32\;C:\Program Files\MySQL\MySQL Shell 8.0\bin\;C:\Users\asusadmin\AppData\Local\Microsoft\WindowsApps;;C:\Program Files\Docker Toolbox;.]
05-Oct-2020 07:22:50.098 INFO [main] org.apache.coyote.AbstractProtocol.init Initializing ProtocolHandler ["http-nio-8080"]
05-Oct-2020 07:22:50.305 INFO [main] org.apache.catalina.startup.Catalina.load Server initialization in [607] milliseconds
05-Oct-2020 07:22:50.328 INFO [main] org.apache.catalina.core.StandardService.startInternal Starting service [Catalina]
05-Oct-2020 07:22:50.329 INFO [main] org.apache.catalina.core.StandardEngine.startInternal Starting Servlet engine: [Apache Tomcat/9.0.34]
05-Oct-2020 07:22:50.344 INFO [main] org.apache.catalina.startup.HostConfig.deployWAR Deploying web application archive [E:\Soft\apache-tomcat-9.0.34\webapps\com-app-theweb.war]
05-Oct-2020 07:22:50.478 WARNING [main] org.apache.tomcat.dbcp.dbcp2.BasicDataSourceFactory.getObjectInstance Name = myDS Property maxActive is not used in DBCP2, use maxTotal instead. maxTotal default value is 8. You have set value of "100" for "maxActive" property, which is being ignored.
05-Oct-2020 07:22:50.478 WARNING [main] org.apache.tomcat.dbcp.dbcp2.BasicDataSourceFactory.getObjectInstance Name = myDS Property maxWait is not used in DBCP2 , use maxWaitMillis instead. maxWaitMillis default value is -1. You have set value of "10000" for "maxWait" property, which is being ignored.
05-Oct-2020 07:22:50.535 INFO [main] org.apache.catalina.startup.HostConfig.deployWAR Deployment of web application archive [E:\Soft\apache-tomcat-9.0.34\webapps\com-app-theweb.war] has finished in [191] ms
05-Oct-2020 07:22:50.536 INFO [main] org.apache.catalina.startup.HostConfig.deployDirectory Deploying web application directory [E:\Soft\apache-tomcat-9.0.34\webapps\docs]
05-Oct-2020 07:22:50.552 WARNING [main] org.apache.tomcat.dbcp.dbcp2.BasicDataSourceFactory.getObjectInstance Name = myDS Property maxActive is not used in DBCP2, use maxTotal instead. maxTotal default value is 8. You have set value of "100" for "maxActive" property, which is being ignored.
05-Oct-2020 07:22:50.552 WARNING [main] org.apache.tomcat.dbcp.dbcp2.BasicDataSourceFactory.getObjectInstance Name = myDS Property maxWait is not used in DBCP2 , use maxWaitMillis instead. maxWaitMillis default value is -1. You have set value of "10000" for "maxWait" property, which is being ignored.
05-Oct-2020 07:22:50.557 INFO [main] org.apache.catalina.startup.HostConfig.deployDirectory Deployment of web application directory [E:\Soft\apache-tomcat-9.0.34\webapps\docs] has finished in [21] ms
05-Oct-2020 07:22:50.557 INFO [main] org.apache.catalina.startup.HostConfig.deployDirectory Deploying web application directory [E:\Soft\apache-tomcat-9.0.34\webapps\examples]
05-Oct-2020 07:22:50.689 WARNING [main] org.apache.tomcat.dbcp.dbcp2.BasicDataSourceFactory.getObjectInstance Name = myDS Property maxActive is not used in DBCP2, use maxTotal instead. maxTotal default value is 8. You have set value of "100" for "maxActive" property, which is being ignored.
05-Oct-2020 07:22:50.689 WARNING [main] org.apache.tomcat.dbcp.dbcp2.BasicDataSourceFactory.getObjectInstance Name = myDS Property maxWait is not used in DBCP2 , use maxWaitMillis instead. maxWaitMillis default value is -1. You have set value of "10000" for "maxWait" property, which is being ignored.
05-Oct-2020 07:22:50.786 INFO [main] org.apache.catalina.startup.HostConfig.deployDirectory Deployment of web application directory [E:\Soft\apache-tomcat-9.0.34\webapps\examples] has finished in [229] ms
05-Oct-2020 07:22:50.786 INFO [main] org.apache.catalina.startup.HostConfig.deployDirectory Deploying web application directory [E:\Soft\apache-tomcat-9.0.34\webapps\host-manager]
05-Oct-2020 07:22:50.802 WARNING [main] org.apache.tomcat.dbcp.dbcp2.BasicDataSourceFactory.getObjectInstance Name = myDS Property maxActive is not used in DBCP2, use maxTotal instead. maxTotal default value is 8. You have set value of "100" for "maxActive" property, which is being ignored.
05-Oct-2020 07:22:50.802 WARNING [main] org.apache.tomcat.dbcp.dbcp2.BasicDataSourceFactory.getObjectInstance Name = myDS Property maxWait is not used in DBCP2 , use maxWaitMillis instead. maxWaitMillis default value is -1. You have set value of "10000" for "maxWait" property, which is being ignored.
05-Oct-2020 07:22:50.808 INFO [main] org.apache.catalina.startup.HostConfig.deployDirectory Deployment of web application directory [E:\Soft\apache-tomcat-9.0.34\webapps\host-manager] has finished in [22] ms
05-Oct-2020 07:22:50.808 INFO [main] org.apache.catalina.startup.HostConfig.deployDirectory Deploying web application directory [E:\Soft\apache-tomcat-9.0.34\webapps\manager]
05-Oct-2020 07:22:50.824 WARNING [main] org.apache.tomcat.dbcp.dbcp2.BasicDataSourceFactory.getObjectInstance Name = myDS Property maxActive is not used in DBCP2, use maxTotal instead. maxTotal default value is 8. You have set value of "100" for "maxActive" property, which is being ignored.
05-Oct-2020 07:22:50.824 WARNING [main] org.apache.tomcat.dbcp.dbcp2.BasicDataSourceFactory.getObjectInstance Name = myDS Property maxWait is not used in DBCP2 , use maxWaitMillis instead. maxWaitMillis default value is -1. You have set value of "10000" for "maxWait" property, which is being ignored.
05-Oct-2020 07:22:50.828 INFO [main] org.apache.catalina.startup.HostConfig.deployDirectory Deployment of web application directory [E:\Soft\apache-tomcat-9.0.34\webapps\manager] has finished in [20] ms
05-Oct-2020 07:22:50.834 INFO [main] org.apache.catalina.startup.HostConfig.deployDirectory Deploying web application directory [E:\Soft\apache-tomcat-9.0.34\webapps\ROOT]
05-Oct-2020 07:22:50.844 WARNING [main] org.apache.tomcat.dbcp.dbcp2.BasicDataSourceFactory.getObjectInstance Name = myDS Property maxActive is not used in DBCP2, use maxTotal instead. maxTotal default value is 8. You have set value of "100" for "maxActive" property, which is being ignored.
05-Oct-2020 07:22:50.844 WARNING [main] org.apache.tomcat.dbcp.dbcp2.BasicDataSourceFactory.getObjectInstance Name = myDS Property maxWait is not used in DBCP2 , use maxWaitMillis instead. maxWaitMillis default value is -1. You have set value of "10000" for "maxWait" property, which is being ignored.
05-Oct-2020 07:22:50.851 INFO [main] org.apache.catalina.startup.HostConfig.deployDirectory Deployment of web application directory [E:\Soft\apache-tomcat-9.0.34\webapps\ROOT] has finished in [17] ms
05-Oct-2020 07:22:50.855 INFO [main] org.apache.coyote.AbstractProtocol.start Starting ProtocolHandler ["http-nio-8080"]
05-Oct-2020 07:22:50.862 INFO [main] org.apache.catalina.startup.Catalina.start Server startup in [557] milliseconds
05-Oct-2020 07:24:30.907 INFO [Catalina-utility-2] org.apache.catalina.startup.HostConfig.deployWAR Deploying web application archive [E:\Soft\apache-tomcat-9.0.34\webapps\com-app-theweb2.war]
05-Oct-2020 07:24:30.938 WARNING [Catalina-utility-2] org.apache.tomcat.dbcp.dbcp2.BasicDataSourceFactory.getObjectInstance Name = myDS Property maxActive is not used in DBCP2, use maxTotal instead. maxTotal default value is 8. You have set value of "100" for "maxActive" property, which is being ignored.
05-Oct-2020 07:24:30.938 WARNING [Catalina-utility-2] org.apache.tomcat.dbcp.dbcp2.BasicDataSourceFactory.getObjectInstance Name = myDS Property maxWait is not used in DBCP2 , use maxWaitMillis instead. maxWaitMillis default value is -1. You have set value of "10000" for "maxWait" property, which is being ignored.
05-Oct-2020 07:24:30.944 INFO [Catalina-utility-2] org.apache.catalina.startup.HostConfig.deployWAR Deployment of web application archive [E:\Soft\apache-tomcat-9.0.34\webapps\com-app-theweb2.war] has finished in [37] ms
05-Oct-2020 07:25:41.475 INFO [Catalina-utility-2] org.apache.catalina.startup.HostConfig.undeploy Undeploying context [/com-app-theweb]
05-Oct-2020 07:25:42.129 INFO [Catalina-utility-2] org.apache.catalina.startup.HostConfig.deployWAR Deploying web application archive [E:\Soft\apache-tomcat-9.0.34\webapps\com-app-theweb.war]
05-Oct-2020 07:25:42.156 INFO [Catalina-utility-2] org.apache.catalina.startup.HostConfig.deployWAR Deployment of web application archive [E:\Soft\apache-tomcat-9.0.34\webapps\com-app-theweb.war] has finished in [28] ms
05-Oct-2020 07:26:02.663 INFO [Catalina-utility-2] org.apache.catalina.startup.HostConfig.undeploy Undeploying context [/com-app-theweb2]
05-Oct-2020 07:26:03.178 INFO [Catalina-utility-2] org.apache.catalina.startup.HostConfig.undeploy Undeploying context [/com-app-theweb]
